<?xml version="1.0" encoding="UTF-8"?>
<testng-results skipped="0" failed="0" total="1" passed="1">
  <reporter-output>
  </reporter-output>
  <suite name="Default suite" duration-ms="47039" started-at="2021-10-09T18:14:51Z" finished-at="2021-10-09T18:15:38Z">
    <groups>
    </groups>
    <test name="Default test" duration-ms="47039" started-at="2021-10-09T18:14:51Z" finished-at="2021-10-09T18:15:38Z">
      <class name="Testcase.NewTest">
        <test-method status="PASS" signature="m1()[pri:0, instance:Testcase.NewTest@1efef64]" name="m1" is-config="true" duration-ms="39648" started-at="2021-10-09T23:44:51Z" finished-at="2021-10-09T23:45:31Z">
          <reporter-output>
          </reporter-output>
        </test-method> <!-- m1 -->
        <test-method status="PASS" signature="validLoginCred()[pri:0, instance:Testcase.NewTest@1efef64]" name="validLoginCred" duration-ms="6837" started-at="2021-10-09T23:45:31Z" finished-at="2021-10-09T23:45:38Z">
          <reporter-output>
          </reporter-output>
        </test-method> <!-- validLoginCred -->
        <test-method status="PASS" signature="m2()[pri:0, instance:Testcase.NewTest@1efef64]" name="m2" is-config="true" duration-ms="510" started-at="2021-10-09T23:45:38Z" finished-at="2021-10-09T23:45:38Z">
          <reporter-output>
          </reporter-output>
        </test-method> <!-- m2 -->
      </class> <!-- Testcase.NewTest -->
    </test> <!-- Default test -->
  </suite> <!-- Default suite -->
</testng-results>
